<?xml version="1.0" encoding="UTF-8"?>
<!-- Generated by org.testng.reporters.JUnitXMLReporter -->
<testsuite hostname="DESKTOP-O9IJ8HQ" ignored="0" name="Test" tests="1" failures="1" timestamp="2021-05-11T12:43:43 IST" time="26.184" errors="0">
  <testcase name="feature" time="24.99" classname="cucumber.api.testng.AbstractTestNGCucumberTests">
    <failure type="cucumber.runtime.CucumberException" message="java.lang.AssertionError: expected [Social Imprints] but found [Social Imprints test]">
      <![CDATA[cucumber.runtime.CucumberException: java.lang.AssertionError: expected [Social Imprints] but found [Social Imprints test]
at cucumber.api.testng.TestNGCucumberRunner.runCucumber(TestNGCucumberRunner.java:69)
at cucumber.api.testng.AbstractTestNGCucumberTests.feature(AbstractTestNGCucumberTests.java:21)
at java.util.ArrayList.forEach(ArrayList.java:1257)
Caused by: java.lang.AssertionError: expected [Social Imprints] but found [Social Imprints test]
at steps.LoginTest.user_logged_successfully(LoginTest.java:77)
at ✽.Then user logged successfully(FeatureLogin.feature:10)
... Removed 35 stack frames]]>
    </failure>
  </testcase> <!-- feature -->
</testsuite> <!-- Test -->
