<?xml version="1.0" encoding="UTF-8"?>
<testsuite name="TestSuite" time="24.999" tests="1" errors="0" skipped="0" failures="1">
  <properties>
[...]
</properties>
  <testcase name="feature" classname="runner.RunCucm" time="24.999">
    <failure message="java.lang.AssertionError: expected [Social Imprints] but found [Social Imprints test]" type="cucumber.runtime.CucumberException">cucumber.runtime.CucumberException: java.lang.AssertionError: expected [Social Imprints] but found [Social Imprints test]
	at cucumber.api.testng.TestNGCucumberRunner.runCucumber(TestNGCucumberRunner.java:69)
	at cucumber.api.testng.AbstractTestNGCucumberTests.feature(AbstractTestNGCucumberTests.java:21)
	at sun.reflect.NativeMethodAccessorImpl.invoke0(Native Method)
	at sun.reflect.NativeMethodAccessorImpl.invoke(NativeMethodAccessorImpl.java:62)
	at sun.reflect.DelegatingMethodAccessorImpl.invoke(DelegatingMethodAccessorImpl.java:43)
	at java.lang.reflect.Method.invoke(Method.java:498)
	at org.testng.internal.MethodInvocationHelper.invokeMethod(MethodInvocationHelper.java:134)
	at org.testng.internal.TestInvoker.invokeMethod(TestInvoker.java:597)
	at org.testng.internal.TestInvoker.invokeTestMethod(TestInvoker.java:173)
	at org.testng.internal.MethodRunner.runInSequence(MethodRunner.java:46)
	at org.testng.internal.TestInvoker$MethodInvocationAgent.invoke(TestInvoker.java:816)
	at org.testng.internal.TestInvoker.invokeTestMethods(TestInvoker.java:146)
	at org.testng.internal.TestMethodWorker.invokeTestMethods(TestMethodWorker.java:146)
	at org.testng.internal.TestMethodWorker.run(TestMethodWorker.java:128)
	at java.util.ArrayList.forEach(ArrayList.java:1257)
	at org.testng.TestRunner.privateRun(TestRunner.java:766)
	at org.testng.TestRunner.run(TestRunner.java:587)
	at org.testng.SuiteRunner.runTest(SuiteRunner.java:384)
	at org.testng.SuiteRunner.runSequentially(SuiteRunner.java:378)
	at org.testng.SuiteRunner.privateRun(SuiteRunner.java:337)
	at org.testng.SuiteRunner.run(SuiteRunner.java:286)
	at org.testng.SuiteRunnerWorker.runSuite(SuiteRunnerWorker.java:53)
	at org.testng.SuiteRunnerWorker.run(SuiteRunnerWorker.java:96)
	at org.testng.TestNG.runSuitesSequentially(TestNG.java:1187)
	at org.testng.TestNG.runSuitesLocally(TestNG.java:1109)
	at org.testng.TestNG.runSuites(TestNG.java:1039)
	at org.testng.TestNG.run(TestNG.java:1007)
	at org.apache.maven.surefire.testng.TestNGExecutor.run(TestNGExecutor.java:295)
	at org.apache.maven.surefire.testng.TestNGXmlTestSuite.execute(TestNGXmlTestSuite.java:84)
	at org.apache.maven.surefire.testng.TestNGProvider.invoke(TestNGProvider.java:90)
	at org.apache.maven.surefire.booter.ForkedBooter.invokeProviderInSameClassLoader(ForkedBooter.java:203)
	at org.apache.maven.surefire.booter.ForkedBooter.runSuitesInProcess(ForkedBooter.java:155)
	at org.apache.maven.surefire.booter.ForkedBooter.main(ForkedBooter.java:103)
Caused by: java.lang.AssertionError: expected [Social Imprints] but found [Social Imprints test]
	at org.testng.Assert.fail(Assert.java:97)
	at org.testng.Assert.assertEqualsImpl(Assert.java:136)
	at org.testng.Assert.assertEquals(Assert.java:118)
	at org.testng.Assert.assertEquals(Assert.java:575)
	at org.testng.Assert.assertEquals(Assert.java:585)
	at steps.LoginTest.user_logged_successfully(LoginTest.java:77)
	at ✽.Then user logged successfully(FeatureLogin.feature:10)
</failure>
    <system-out><![CDATA[...
... TestNG 7.0.1 by CÃ©dric Beust (cedric@beust.com)
...

On start
On test start
@Social-imprints
Feature: Login
Before
Window ->CDwindow-7B8B2CD7215906EEE5A21F4CB6B226E4
https://vinsol:v1ns0l@staging.dev.socialimprints.com/admin/sign_in
ChromeDriver: chrome on WINDOWS (b475e44bcf63a2e9bc3248d4519804e1)
https://vinsol:v1ns0l@staging.dev.socialimprints.com/admin/sign_in
ChromeDriver: chrome on WINDOWS (b475e44bcf63a2e9bc3248d4519804e1)
true

  @Social-imprints-login
  Scenario: In order to verify login                                                   &amp#27;[90m# FeatureLogin.feature:5&amp#27;[0m
    &amp#27;[32mGiven &amp#27;[0m&amp#27;[32muser navigates to marin https://staging.dev.socialimprints.com/admin/sign_in&amp#27;[0m &amp#27;[90m# LoginTest.user_navigates_to_marin_https_staging_dev_socialimprints_com_admin_sign_in()&amp#27;[0m
    &amp#27;[32mWhen &amp#27;[0m&amp#27;[32muser clicks on the Sign in google&amp#27;[0m                                             &amp#27;[90m# LoginTest.user_clicks_on_the_Sign_in_google()&amp#27;[0m
    &amp#27;[32mThen &amp#27;[0m&amp#27;[32muser entered username "&amp#27;[0m&amp#27;[32m&amp#27;[1mdemouser1@socialimprints.com&amp#27;[0m&amp#27;[32m"&amp#27;[0m                          &amp#27;[90m# LoginTest.user_entered_username(String)&amp#27;[0m
    &amp#27;[32mAnd &amp#27;[0m&amp#27;[32muser entered password "&amp#27;[0m&amp#27;[32m&amp#27;[1mqq11WW@@&amp#27;[0m&amp#27;[32m"&amp#27;[0m                                               &amp#27;[90m# LoginTest.user_entered_password(String)&amp#27;[0m
    &amp#27;[31mThen &amp#27;[0m&amp#27;[31muser logged successfully&amp#27;[0m                                                      &amp#27;[90m# LoginTest.user_logged_successfully()&amp#27;[0m
      &amp#27;[31mjava.lang.AssertionError: expected [Social Imprints] but found [Social Imprints test]
      	at org.testng.Assert.fail(Assert.java:97)
      	at org.testng.Assert.assertEqualsImpl(Assert.java:136)
      	at org.testng.Assert.assertEquals(Assert.java:118)
      	at org.testng.Assert.assertEquals(Assert.java:575)
      	at org.testng.Assert.assertEquals(Assert.java:585)
      	at steps.LoginTest.user_logged_successfully(LoginTest.java:77)
      	at ?.Then user logged successfully(FeatureLogin.feature:10)
      &amp#27;[0m
On test failure
]]></system-out>
    <system-err><![CDATA[SLF4J: Failed to load class "org.slf4j.impl.StaticLoggerBinder".
SLF4J: Defaulting to no-operation (NOP) logger implementation
SLF4J: See http://www.slf4j.org/codes.html#StaticLoggerBinder for further details.
Starting ChromeDriver 90.0.4430.24 (4c6d850f087da467d926e8eddb76550aed655991-refs/branch-heads/4430@{#429}) on port 18900
Only local connections are allowed.
Please see https://chromedriver.chromium.org/security-considerations for suggestions on keeping ChromeDriver safe.
ChromeDriver was started successfully.
May 11, 2021 12:43:23 PM org.openqa.selenium.remote.ProtocolHandshake createSession
INFO: Detected dialect: W3C
log4j:WARN No appenders could be found for logger (freemarker.cache).
log4j:WARN Please initialize the log4j system properly.
log4j:WARN See http://logging.apache.org/log4j/1.2/faq.html#noconfig for more info.
]]></system-err>
  </testcase>
</testsuite>