<?xml version="1.0" encoding="UTF-8"?>
<testng-results skipped="0" failed="0" ignored="0" total="1" passed="1">
  <reporter-output>
  </reporter-output>
  <suite name="Suite" duration-ms="15596" started-at="2021-05-10T13:46:31 IST" finished-at="2021-05-10T13:46:46 IST">
    <groups>
      <group name="cucumber">
        <method signature="AbstractTestNGCucumberTests.feature(cucumber.api.testng.CucumberFeatureWrapper)[pri:0, instance:runner.RunCucm@3cb1ffe6]" name="feature" class="cucumber.api.testng.AbstractTestNGCucumberTests"/>
      </group> <!-- cucumber -->
    </groups>
    <test name="Test" duration-ms="15596" started-at="2021-05-10T13:46:31 IST" finished-at="2021-05-10T13:46:46 IST">
      <class name="runner.RunCucm">
        <test-method status="PASS" signature="setUpClass()[pri:0, instance:runner.RunCucm@3cb1ffe6]" name="setUpClass" is-config="true" duration-ms="242" started-at="2021-05-10T13:46:31 IST" finished-at="2021-05-10T13:46:31 IST">
          <reporter-output>
          </reporter-output>
        </test-method> <!-- setUpClass -->
        <test-method status="PASS" signature="setup()[pri:0, instance:runner.RunCucm@3cb1ffe6]" name="setup" is-config="true" duration-ms="118" started-at="2021-05-10T13:46:31 IST" finished-at="2021-05-10T13:46:31 IST">
          <reporter-output>
          </reporter-output>
        </test-method> <!-- setup -->
        <test-method status="PASS" signature="feature(cucumber.api.testng.CucumberFeatureWrapper)[pri:0, instance:runner.RunCucm@3cb1ffe6]" name="feature" duration-ms="15097" started-at="2021-05-10T13:46:31 IST" description="Runs Cucumber Feature" data-provider="features" finished-at="2021-05-10T13:46:46 IST">
          <params>
            <param index="0">
              <value>
                <![CDATA[Login]]>
              </value>
            </param>
          </params>
          <reporter-output>
          </reporter-output>
        </test-method> <!-- feature -->
        <test-method status="PASS" signature="tearDownClass()[pri:0, instance:runner.RunCucm@3cb1ffe6]" name="tearDownClass" is-config="true" duration-ms="34" started-at="2021-05-10T13:46:46 IST" finished-at="2021-05-10T13:46:46 IST">
          <reporter-output>
          </reporter-output>
        </test-method> <!-- tearDownClass -->
      </class> <!-- runner.RunCucm -->
    </test> <!-- Test -->
  </suite> <!-- Suite -->
</testng-results>
